Build started 22/11/2016 13:11:41.
     1>Project "E:\Project\Graphics Code 2015\Graphics For Games\Extra - Texture Atlas\Extra - Texture Atlas.vcxproj" on node 2 (Build target(s)).
     1>ClCompile:
         C:\Program Files (x86)\Microsoft Visual Studio 14.0\VC\bin\CL.exe /c /ZI /nologo /W3 /WX- /Od /Oy- /D _MBCS /Gm /EHsc /RTC1 /MDd /GS /fp:precise /Zc:wchar_t /Zc:forScope /Zc:inline /Fo"Debug\\" /Fd"Debug\vc140.pdb" /Gd /TP /analyze- /errorReport:prompt Renderer.cpp TextureAtlas.cpp main.cpp
         main.cpp
         TextureAtlas.cpp
     1>e:\project\graphics code 2015\graphics for games\extra - texture atlas\textureatlas.cpp(143): warning C4244: 'argument': conversion from 'GLuint' to 'GLfloat', possible loss of data
         Renderer.cpp
         Generating Code...
       Link:
         C:\Program Files (x86)\Microsoft Visual Studio 14.0\VC\bin\link.exe /ERRORREPORT:PROMPT /OUT:"E:\Project\Graphics Code 2015\Graphics For Games\Debug\Extra - Texture Atlas.exe" /INCREMENTAL /NOLOGO kernel32.lib user32.lib gdi32.lib winspool.lib comdlg32.lib advapi32.lib shell32.lib ole32.lib oleaut32.lib uuid.lib odbc32.lib odbccp32.lib /MANIFEST /MANIFESTUAC:"level='asInvoker' uiAccess='false'" /manifest:embed /Debug /PDB:"E:\Project\Graphics Code 2015\Graphics For Games\Debug\Extra - Texture Atlas.pdb" /TLBID:1 /DYNAMICBASE /NXCOMPAT /IMPLIB:"E:\Project\Graphics Code 2015\Graphics For Games\Debug\Extra - Texture Atlas.lib" /MACHINE:X86 Debug\main.obj
         Debug\Renderer.obj
         Debug\TextureAtlas.obj
     1>Renderer.obj : warning LNK4049: locally defined symbol ___glewGetUniformLocation imported
     1>Renderer.obj : warning LNK4049: locally defined symbol ___glewUniform3fv imported
     1>Renderer.obj : warning LNK4049: locally defined symbol ___glewUniform4fv imported
     1>Renderer.obj : warning LNK4049: locally defined symbol ___glewUseProgram imported
     1>TextureAtlas.obj : warning LNK4049: locally defined symbol ___glewActiveTexture imported
     1>TextureAtlas.obj : warning LNK4049: locally defined symbol ___glewGenerateMipmap imported
     1>glew32.lib(glew.obj) : warning LNK4099: PDB 'vc120.pdb' was not found with 'glew32.lib(glew.obj)' or at 'E:\Project\Graphics Code 2015\Graphics For Games\Debug\vc120.pdb'; linking object as if no debug info
         Extra - Texture Atlas.vcxproj -> E:\Project\Graphics Code 2015\Graphics For Games\Debug\Extra - Texture Atlas.exe
     1>Done Building Project "E:\Project\Graphics Code 2015\Graphics For Games\Extra - Texture Atlas\Extra - Texture Atlas.vcxproj" (Build target(s)).

Build succeeded.

Time Elapsed 00:00:02.30
